[2018-12-25 19:47:03]:  INFO run case：test_login_success(成功登录)
[2018-12-25 19:47:08]:  INFO 当前执行的Page：pkg_login\page_login.py
[2018-12-25 19:47:08]:  INFO     Page中执行的函数：select_company
[2018-12-25 19:47:08]:  INFO     Page中执行的函数所在行：65
[2018-12-25 19:47:08]:  INFO     Action中执行的函数名：click；参数：('CSS_SELECTOR', '.ivu-select-selection', '')    
[2018-12-25 19:47:08]:  INFO         操作运行结果：None
[2018-12-25 19:47:08]:  INFO 当前执行的Page：pkg_login\page_login.py
[2018-12-25 19:47:08]:  INFO     Page中执行的函数：select_company
[2018-12-25 19:47:08]:  INFO     Page中执行的函数所在行：66
[2018-12-25 19:47:08]:  INFO     Action中执行的函数名：click；参数：('CSS_SELECTOR', '.ivu-select-item', '')  [0]  
[2018-12-25 19:47:08]:  INFO         操作运行结果：None
[2018-12-25 19:47:08]:  INFO 当前执行的Page：pkg_login\page_login.py
[2018-12-25 19:47:08]:  INFO     Page中执行的函数：input_username
[2018-12-25 19:47:08]:  INFO     Page中执行的函数所在行：74
[2018-12-25 19:47:08]:  INFO     Action中执行的函数名：send_keys；参数：('CSS_SELECTOR', '.ivu-input-default', '0')  zhangzhihe  0  
[2018-12-25 19:47:08]:  INFO         操作运行结果：None
[2018-12-25 19:47:08]:  INFO 当前执行的Page：pkg_login\page_login.py
[2018-12-25 19:47:08]:  INFO     Page中执行的函数：input_password
[2018-12-25 19:47:08]:  INFO     Page中执行的函数所在行：82
[2018-12-25 19:47:08]:  INFO     Action中执行的函数名：send_keys；参数：('CSS_SELECTOR', '.ivu-input-default', '1')  abc541772  1  
[2018-12-25 19:47:09]:  INFO         操作运行结果：None
[2018-12-25 19:47:09]:  INFO 当前执行的Page：pkg_login\page_login.py
[2018-12-25 19:47:09]:  INFO     Page中执行的函数：input_verify_code
[2018-12-25 19:47:09]:  INFO     Page中执行的函数所在行：96
[2018-12-25 19:47:09]:  INFO     Action中执行的函数名：send_keys；参数：('CSS_SELECTOR', '.ivu-input-default', '2')  zhihe666  2  
[2018-12-25 19:47:09]:  INFO         操作运行结果：None
[2018-12-25 19:47:09]:  INFO 当前执行的Page：pkg_login\page_login.py
[2018-12-25 19:47:09]:  INFO     Page中执行的函数：click_button_login
[2018-12-25 19:47:09]:  INFO     Page中执行的函数所在行：103
[2018-12-25 19:47:09]:  INFO     Action中执行的函数名：click；参数：('CSS_SELECTOR', '.ivu-btn-primary', '')  
[2018-12-25 19:47:09]:  INFO         操作运行结果：None
[2018-12-25 19:47:13]:  INFO 当前执行的Page：page_vendor\page_vendor.py
[2018-12-25 19:47:13]:  INFO     Page中执行的函数：input_vendor_code
[2018-12-25 19:47:13]:  INFO     Page中执行的函数所在行：105
[2018-12-25 19:47:13]:  INFO     Action中执行的函数名：send_keys；参数：('CSS_SELECTOR', '.ivu-input-default', '0')  00126  0  
[2018-12-25 19:47:13]:  INFO         操作运行结果：None
[2018-12-25 19:47:13]:  INFO 当前执行的Page：page_vendor\page_vendor.py
[2018-12-25 19:47:13]:  INFO     Page中执行的函数：input_vendor_short_code
[2018-12-25 19:47:13]:  INFO     Page中执行的函数所在行：113
[2018-12-25 19:47:13]:  INFO     Action中执行的函数名：send_keys；参数：('CSS_SELECTOR', '.ivu-input-default', '1')  凡容  1  
[2018-12-25 19:47:13]:  INFO         操作运行结果：None
[2018-12-25 19:47:13]:  INFO 当前执行的Page：page_vendor\page_vendor.py
[2018-12-25 19:47:13]:  INFO     Page中执行的函数：select_state
[2018-12-25 19:47:13]:  INFO     Page中执行的函数所在行：121
[2018-12-25 19:47:13]:  INFO     Action中执行的函数名：click；参数：('CSS_SELECTOR', '.ivu-select-placeholder', '')    
[2018-12-25 19:47:13]:  INFO         操作运行结果：None
[2018-12-25 19:47:13]:  INFO 当前执行的Page：page_vendor\page_vendor.py
[2018-12-25 19:47:13]:  INFO     Page中执行的函数：select_state
[2018-12-25 19:47:13]:  INFO     Page中执行的函数所在行：122
[2018-12-25 19:47:13]:  INFO     Action中执行的函数名：click；参数：('CSS_SELECTOR', '.ivu-select-item', '')  [1]  
[2018-12-25 19:47:14]:  INFO         操作运行结果：None
[2018-12-25 19:47:14]:  INFO 当前执行的Page：page_vendor\page_vendor.py
[2018-12-25 19:47:14]:  INFO     Page中执行的函数：cliet_query
[2018-12-25 19:47:14]:  INFO     Page中执行的函数所在行：129
[2018-12-25 19:47:14]:  INFO     Action中执行的函数名：click；参数：('CSS_SELECTOR', '.ivu-btn-primary', '3')  3  
[2018-12-25 19:47:14]:  INFO         操作运行结果：None
[2018-12-25 19:47:21]:  INFO 当前执行的Page：page_vendor\page_vendor.py
[2018-12-25 19:47:21]:  INFO     Page中执行的函数：vendor_code
[2018-12-25 19:47:21]:  INFO     Page中执行的函数所在行：136
[2018-12-25 19:47:21]:  INFO     Action中执行的函数名：send_keys；参数：('CSS_SELECTOR', '.ivu-input-default', '0')  12370  0  
[2018-12-25 19:47:21]:  INFO         操作运行结果：None
[2018-12-25 19:47:21]:  INFO 当前执行的Page：page_vendor\page_vendor.py
[2018-12-25 19:47:21]:  INFO     Page中执行的函数：name
[2018-12-25 19:47:21]:  INFO     Page中执行的函数所在行：143
[2018-12-25 19:47:21]:  INFO     Action中执行的函数名：send_keys；参数：('CSS_SELECTOR', '.ivu-input-default', '1')  测试供应商12307  1  
[2018-12-25 19:47:21]:  INFO         操作运行结果：None
[2018-12-25 19:47:21]:  INFO 当前执行的Page：page_vendor\page_vendor.py
[2018-12-25 19:47:21]:  INFO     Page中执行的函数：short_name
[2018-12-25 19:47:21]:  INFO     Page中执行的函数所在行：150
[2018-12-25 19:47:21]:  INFO     Action中执行的函数名：send_keys；参数：('CSS_SELECTOR', '.ivu-input-default', '2')  测试供应商12307  2  
[2018-12-25 19:47:22]:  INFO         操作运行结果：None
[2018-12-25 19:47:22]:  INFO 当前执行的Page：page_vendor\page_vendor.py
[2018-12-25 19:47:22]:  INFO     Page中执行的函数：select_sort
[2018-12-25 19:47:22]:  INFO     Page中执行的函数所在行：157
[2018-12-25 19:47:22]:  INFO     Action中执行的函数名：click；参数：('CSS_SELECTOR', '.ivu-select-selection', '0')  0  
[2018-12-25 19:47:22]:  INFO         操作运行结果：None
[2018-12-25 19:47:22]:  INFO 当前执行的Page：page_vendor\page_vendor.py
[2018-12-25 19:47:22]:  INFO     Page中执行的函数：select_sort
[2018-12-25 19:47:22]:  INFO     Page中执行的函数所在行：158
[2018-12-25 19:47:22]:  INFO     Action中执行的函数名：send_keys；参数：('CSS_SELECTOR', '.ivu-select-selected-value', '0')  1-01  0  
[2018-12-25 19:47:22]:  INFO Traceback (most recent call last):
  File "E:\Python-projects\uiautomation\base\browser_action.py", line 220, in send_keys
    elements[int(i)].send_keys(str(value))
  File "C:\Python34\lib\site-packages\selenium\webdriver\remote\webelement.py", line 479, in send_keys
    'value': keys_to_typing(value)})
  File "C:\Python34\lib\site-packages\selenium\webdriver\remote\webelement.py", line 633, in _execute
    return self._parent.execute(command, params)
  File "C:\Python34\lib\site-packages\selenium\webdriver\remote\webdriver.py", line 321, in execute
    self.error_handler.check_response(response)
  File "C:\Python34\lib\site-packages\selenium\webdriver\remote\errorhandler.py", line 242, in check_response
    raise exception_class(message, screen, stacktrace)
selenium.common.exceptions.WebDriverException: Message: unknown error: cannot focus element
  (Session info: chrome=70.0.3538.110)
  (Driver info: chromedriver=70.0.3538.97 (d035916fe243477005bc95fe2a5778b8f20b6ae1),platform=Windows NT 6.1.7601 SP1 x86_64)


[2018-12-25 19:47:22]:  INFO Message: unknown error: cannot focus element
  (Session info: chrome=70.0.3538.110)
  (Driver info: chromedriver=70.0.3538.97 (d035916fe243477005bc95fe2a5778b8f20b6ae1),platform=Windows NT 6.1.7601 SP1 x86_64)

[2018-12-25 19:47:22]:  INFO         操作运行结果：失败！
