[2018-12-25 19:24:08]:  INFO run case：test_login_success(成功登录)
[2018-12-25 19:24:13]:  INFO 当前执行的Page：pkg_login\page_login.py
[2018-12-25 19:24:13]:  INFO     Page中执行的函数：select_company
[2018-12-25 19:24:13]:  INFO     Page中执行的函数所在行：65
[2018-12-25 19:24:13]:  INFO     Action中执行的函数名：click；参数：('CSS_SELECTOR', '.ivu-select-selection', '')    
[2018-12-25 19:24:13]:  INFO         操作运行结果：None
[2018-12-25 19:24:13]:  INFO 当前执行的Page：pkg_login\page_login.py
[2018-12-25 19:24:13]:  INFO     Page中执行的函数：select_company
[2018-12-25 19:24:13]:  INFO     Page中执行的函数所在行：66
[2018-12-25 19:24:13]:  INFO     Action中执行的函数名：click；参数：('CSS_SELECTOR', '.ivu-select-item', '')  [0]  
[2018-12-25 19:24:13]:  INFO         操作运行结果：None
[2018-12-25 19:24:13]:  INFO 当前执行的Page：pkg_login\page_login.py
[2018-12-25 19:24:13]:  INFO     Page中执行的函数：input_username
[2018-12-25 19:24:13]:  INFO     Page中执行的函数所在行：74
[2018-12-25 19:24:13]:  INFO     Action中执行的函数名：send_keys；参数：('CSS_SELECTOR', '.ivu-input-default', '0')  zhangzhihe  0  
[2018-12-25 19:24:13]:  INFO         操作运行结果：None
[2018-12-25 19:24:13]:  INFO 当前执行的Page：pkg_login\page_login.py
[2018-12-25 19:24:13]:  INFO     Page中执行的函数：input_password
[2018-12-25 19:24:13]:  INFO     Page中执行的函数所在行：82
[2018-12-25 19:24:13]:  INFO     Action中执行的函数名：send_keys；参数：('CSS_SELECTOR', '.ivu-input-default', '1')  abc541772  1  
[2018-12-25 19:24:14]:  INFO         操作运行结果：None
[2018-12-25 19:24:14]:  INFO 当前执行的Page：pkg_login\page_login.py
[2018-12-25 19:24:14]:  INFO     Page中执行的函数：input_verify_code
[2018-12-25 19:24:14]:  INFO     Page中执行的函数所在行：96
[2018-12-25 19:24:14]:  INFO     Action中执行的函数名：send_keys；参数：('CSS_SELECTOR', '.ivu-input-default', '2')  zhihe666  2  
[2018-12-25 19:24:14]:  INFO         操作运行结果：None
[2018-12-25 19:24:14]:  INFO 当前执行的Page：pkg_login\page_login.py
[2018-12-25 19:24:14]:  INFO     Page中执行的函数：click_button_login
[2018-12-25 19:24:14]:  INFO     Page中执行的函数所在行：103
[2018-12-25 19:24:14]:  INFO     Action中执行的函数名：click；参数：('CSS_SELECTOR', '.ivu-btn-primary', '')  
[2018-12-25 19:24:14]:  INFO         操作运行结果：None
[2018-12-25 19:24:18]:  INFO 当前执行的Page：page_vendor\page_vendor.py
[2018-12-25 19:24:18]:  INFO     Page中执行的函数：input_vendor_code
[2018-12-25 19:24:18]:  INFO     Page中执行的函数所在行：105
[2018-12-25 19:24:18]:  INFO     Action中执行的函数名：send_keys；参数：('CSS_SELECTOR', '.ivu-input-default', '0')  00126  0  
[2018-12-25 19:24:18]:  INFO         操作运行结果：None
[2018-12-25 19:24:18]:  INFO 当前执行的Page：page_vendor\page_vendor.py
[2018-12-25 19:24:18]:  INFO     Page中执行的函数：input_vendor_short_code
[2018-12-25 19:24:18]:  INFO     Page中执行的函数所在行：113
[2018-12-25 19:24:18]:  INFO     Action中执行的函数名：send_keys；参数：('CSS_SELECTOR', '.ivu-input-default', '1')  凡容  1  
[2018-12-25 19:24:18]:  INFO         操作运行结果：None
[2018-12-25 19:24:18]:  INFO 当前执行的Page：page_vendor\page_vendor.py
[2018-12-25 19:24:18]:  INFO     Page中执行的函数：select_state
[2018-12-25 19:24:18]:  INFO     Page中执行的函数所在行：121
[2018-12-25 19:24:18]:  INFO     Action中执行的函数名：click；参数：('CSS_SELECTOR', '.ivu-select-item', '0')  0  
[2018-12-25 19:24:19]:  INFO Traceback (most recent call last):
  File "E:\Python-projects\uiautomation\base\browser_action.py", line 193, in click
    elements[int(i)].click()
  File "C:\Python34\lib\site-packages\selenium\webdriver\remote\webelement.py", line 80, in click
    self._execute(Command.CLICK_ELEMENT)
  File "C:\Python34\lib\site-packages\selenium\webdriver\remote\webelement.py", line 633, in _execute
    return self._parent.execute(command, params)
  File "C:\Python34\lib\site-packages\selenium\webdriver\remote\webdriver.py", line 321, in execute
    self.error_handler.check_response(response)
  File "C:\Python34\lib\site-packages\selenium\webdriver\remote\errorhandler.py", line 242, in check_response
    raise exception_class(message, screen, stacktrace)
selenium.common.exceptions.ElementNotVisibleException: Message: element not interactable
  (Session info: chrome=70.0.3538.110)
  (Driver info: chromedriver=70.0.3538.97 (d035916fe243477005bc95fe2a5778b8f20b6ae1),platform=Windows NT 6.1.7601 SP1 x86_64)


[2018-12-25 19:24:19]:  INFO Message: element not interactable
  (Session info: chrome=70.0.3538.110)
  (Driver info: chromedriver=70.0.3538.97 (d035916fe243477005bc95fe2a5778b8f20b6ae1),platform=Windows NT 6.1.7601 SP1 x86_64)

[2018-12-25 19:24:19]:  INFO         操作运行结果：失败！
